#
# There is insufficient memory for the Java Runtime Environment to continue.
# Native memory allocation (malloc) failed to allocate 1048576 bytes for AllocateHeap
# Possible reasons:
#   The system is out of physical RAM or swap space
#   The process is running with CompressedOops enabled, and the Java Heap may be blocking the growth of the native heap
# Possible solutions:
#   Reduce memory load on the system
#   Increase physical memory or swap space
#   Check if swap backing store is full
#   Decrease Java heap size (-Xmx/-Xms)
#   Decrease number of Java threads
#   Decrease Java thread stack sizes (-Xss)
#   Set larger code cache with -XX:ReservedCodeCacheSize=
#   JVM is running with Unscaled Compressed Oops mode in which the Java heap is
#     placed in the first 4GB address space. The Java Heap base address is the
#     maximum limit for the native heap growth. Please use -XX:HeapBaseMinAddress
#     to set the Java Heap base and to place the Java Heap above 4GB virtual address.
# This output file may be truncated or incomplete.
#
#  Out of Memory Error (memory/allocation.inline.hpp:61), pid=7692, tid=0x00000000000006a0
#
# JRE version:  (8.0_301-b09) (build )
# Java VM: Java HotSpot(TM) 64-Bit Server VM (25.301-b09 mixed mode windows-amd64 compressed oops)
# Failed to write core dump. Minidumps are not enabled by default on client versions of Windows
#

---------------  T H R E A D  ---------------

Current thread (0x0000018fef79f800):  JavaThread "Unknown thread" [_thread_in_vm, id=1696, stack(0x0000000b8eb00000,0x0000000b8ec00000)]

Stack: [0x0000000b8eb00000,0x0000000b8ec00000]
Native frames: (J=compiled Java code, j=interpreted, Vv=VM code, C=native code)
V  [jvm.dll+0x32ed79]
V  [jvm.dll+0x275722]
V  [jvm.dll+0x2763cd]
V  [jvm.dll+0x26ce05]
V  [jvm.dll+0x509d]
V  [jvm.dll+0x3d3423]
V  [jvm.dll+0x3d3e38]
V  [jvm.dll+0xfcdcf]
V  [jvm.dll+0x20a0bb]
V  [jvm.dll+0x238ae7]
V  [jvm.dll+0x162876]
C  [javaw.exe+0x2322]
C  [javaw.exe+0x16544]
C  [KERNEL32.DLL+0x17034]
C  [ntdll.dll+0x52651]


---------------  P R O C E S S  ---------------

Java Threads: ( => current thread )

Other Threads:

=>0x0000018fef79f800 (exited) JavaThread "Unknown thread" [_thread_in_vm, id=1696, stack(0x0000000b8eb00000,0x0000000b8ec00000)]

VM state:not at safepoint (normal execution)

VM Mutex/Monitor currently owned by a thread: None

heap address: 0x0000000083000000, size: 2000 MB, Compressed Oops mode: 32-bit
Narrow klass base: 0x0000000000000000, Narrow klass shift: 3
Compressed class space size: 1073741824 Address: 0x0000000100000000

Heap:
 PSYoungGen      total 37888K, used 655K [0x00000000d6580000, 0x00000000d8f80000, 0x0000000100000000)
  eden space 32768K, 2% used [0x00000000d6580000,0x00000000d6623d80,0x00000000d8580000)
  from space 5120K, 0% used [0x00000000d8a80000,0x00000000d8a80000,0x00000000d8f80000)
  to   space 5120K, 0% used [0x00000000d8580000,0x00000000d8580000,0x00000000d8a80000)
 ParOldGen       total 86016K, used 0K [0x0000000083000000, 0x0000000088400000, 0x00000000d6580000)
  object space 86016K, 0% used [0x0000000083000000,0x0000000083000000,0x0000000088400000)
 Metaspace       used 764K, capacity 4480K, committed 4480K, reserved 1056768K
  class space    used 76K, capacity 384K, committed 384K, reserved 1048576K

Card table byte_map: [0x0000018ff1660000,0x0000018ff1a50000] byte_map_base: 0x0000018ff1248000

Marking Bits: (ParMarkBitMap*) 0x0000000067a77fe0
 Begin Bits: [0x0000018ff1cf0000, 0x0000018ff3c30000)
 End Bits:   [0x0000018ff3c30000, 0x0000018ff5b70000)

Polling page: 0x0000018ff1270000

CodeCache: size=245760Kb used=328Kb max_used=328Kb free=245431Kb
 bounds [0x0000018f80000000, 0x0000018f80270000, 0x0000018f8f000000]
 total_blobs=58 nmethods=0 adapters=38
 compilation: enabled

Compilation events (0 events):
No events

GC Heap History (0 events):
No events

Deoptimization events (0 events):
No events

Classes redefined (0 events):
No events

Internal exceptions (0 events):
No events

Events (10 events):
Event: 0.044 loading class java/lang/Short
Event: 0.044 loading class java/lang/Short done
Event: 0.044 loading class java/lang/Integer
Event: 0.044 loading class java/lang/Integer done
Event: 0.044 loading class java/lang/Long
Event: 0.045 loading class java/lang/Long done
Event: 0.045 loading class java/lang/NullPointerException
Event: 0.045 loading class java/lang/NullPointerException done
Event: 0.045 loading class java/lang/ArithmeticException
Event: 0.046 loading class java/lang/ArithmeticException done


Dynamic libraries:
0x00007ff6291b0000 - 0x00007ff6291f7000 	C:\Program Files\Java\jre1.8.0_301\bin\javaw.exe
0x00007ffce9bd0000 - 0x00007ffce9dc5000 	C:\windows\SYSTEM32\ntdll.dll
0x00007ffce8df0000 - 0x00007ffce8eae000 	C:\windows\System32\KERNEL32.DLL
0x00007ffce78f0000 - 0x00007ffce7bb8000 	C:\windows\System32\KERNELBASE.dll
0x00007ffce7c50000 - 0x00007ffce7cfc000 	C:\windows\System32\ADVAPI32.dll
0x00007ffce89c0000 - 0x00007ffce8a5e000 	C:\windows\System32\msvcrt.dll
0x00007ffce8eb0000 - 0x00007ffce8f4b000 	C:\windows\System32\sechost.dll
0x00007ffce8c50000 - 0x00007ffce8d7a000 	C:\windows\System32\RPCRT4.dll
0x00007ffce8fb0000 - 0x00007ffce9151000 	C:\windows\System32\USER32.dll
0x00007ffce78c0000 - 0x00007ffce78e2000 	C:\windows\System32\win32u.dll
0x00007ffce7c20000 - 0x00007ffce7c4b000 	C:\windows\System32\GDI32.dll
0x00007ffce7450000 - 0x00007ffce755b000 	C:\windows\System32\gdi32full.dll
0x00007ffce7720000 - 0x00007ffce77bd000 	C:\windows\System32\msvcp_win.dll
0x00007ffce7620000 - 0x00007ffce7720000 	C:\windows\System32\ucrtbase.dll
0x00007ffcd1c30000 - 0x00007ffcd1eca000 	C:\windows\WinSxS\amd64_microsoft.windows.common-controls_6595b64144ccf1df_6.0.19041.1110_none_60b5254171f9507e\COMCTL32.dll
0x00007ffce7fc0000 - 0x00007ffce7ff0000 	C:\windows\System32\IMM32.DLL
0x00007ffce7030000 - 0x00007ffce7132000 	C:\Program Files\Avecto\Privilege Guard Client\PGHook.dll
0x0000000068000000 - 0x000000006806f000 	C:\windows\System32\QIPCAP64.dll
0x00007ffce9450000 - 0x00007ffce9b8f000 	C:\windows\System32\SHELL32.dll
0x00007ffce65b0000 - 0x00007ffce667b000 	C:\windows\SYSTEM32\DNSAPI.dll
0x00007ffce6570000 - 0x00007ffce65ab000 	C:\windows\SYSTEM32\IPHLPAPI.DLL
0x00007ffce7ff0000 - 0x00007ffce7ff8000 	C:\windows\System32\NSI.dll
0x00007ffce18a0000 - 0x00007ffce18b5000 	C:\Program Files\Java\jre1.8.0_301\bin\vcruntime140.dll
0x00007ffcb6080000 - 0x00007ffcb611b000 	C:\Program Files\Java\jre1.8.0_301\bin\msvcp140.dll
0x0000000067290000 - 0x0000000067af0000 	C:\Program Files\Java\jre1.8.0_301\bin\server\jvm.dll
0x00007ffce8a60000 - 0x00007ffce8a68000 	C:\windows\System32\PSAPI.DLL
0x00007ffcc1f20000 - 0x00007ffcc1f29000 	C:\windows\SYSTEM32\WSOCK32.dll
0x00007ffce8b60000 - 0x00007ffce8bcb000 	C:\windows\System32\WS2_32.dll
0x00007ffccb7d0000 - 0x00007ffccb7f7000 	C:\windows\SYSTEM32\WINMM.dll
0x00007ffcde360000 - 0x00007ffcde36a000 	C:\windows\SYSTEM32\VERSION.dll
0x00007ffce5c90000 - 0x00007ffce5ca2000 	C:\windows\SYSTEM32\kernel.appcore.dll
0x00007ffce3b10000 - 0x00007ffce3b20000 	C:\Program Files\Java\jre1.8.0_301\bin\verify.dll
0x00007ffcdeef0000 - 0x00007ffcdef1b000 	C:\Program Files\Java\jre1.8.0_301\bin\java.dll
0x00007ffcded20000 - 0x00007ffcded56000 	C:\Program Files\Java\jre1.8.0_301\bin\jdwp.dll
0x00007ffce1eb0000 - 0x00007ffce1eb9000 	C:\Program Files\Java\jre1.8.0_301\bin\npt.dll
0x00007ffcdeb70000 - 0x00007ffcdeba0000 	C:\Program Files\Java\jre1.8.0_301\bin\instrument.dll
0x00007ffcdffe0000 - 0x00007ffcdfff8000 	C:\Program Files\Java\jre1.8.0_301\bin\zip.dll
0x00007ffcb6520000 - 0x00007ffcb6582000 	C:\Program Files\Manufacturer\Endpoint Agent\prntm64.dll
0x00007ffce9240000 - 0x00007ffce9295000 	C:\windows\System32\SHLWAPI.dll
0x00007ffce8480000 - 0x00007ffce85aa000 	C:\windows\System32\ole32.dll
0x00007ffce85b0000 - 0x00007ffce8905000 	C:\windows\System32\combase.dll
0x00007ffce8a70000 - 0x00007ffce8b3d000 	C:\windows\System32\OLEAUT32.dll
0x00007ffccea70000 - 0x00007ffccea7c000 	C:\windows\SYSTEM32\Secur32.dll
0x00007ffccb1d0000 - 0x00007ffccb265000 	C:\windows\SYSTEM32\WINSPOOL.DRV
0x00007ffce1c50000 - 0x00007ffce1c5c000 	C:\Program Files\Java\jre1.8.0_301\bin\VCRUNTIME140_1.dll
0x00007ffce71e0000 - 0x00007ffce7211000 	C:\windows\SYSTEM32\SSPICLI.DLL
0x00007ffce59c0000 - 0x00007ffce5ba4000 	C:\windows\SYSTEM32\dbghelp.dll
0x00007ffce7590000 - 0x00007ffce7613000 	C:\windows\System32\bcryptPrimitives.dll

VM Arguments:
jvm_args: -agentlib:jdwp=transport=dt_socket,suspend=y,address=localhost:50330 -ea -javaagent:C:\Users\alix.ndembi\eclipse\java-2021-06\eclipse\configuration\org.eclipse.osgi\222\0\.cp\lib\javaagent-shaded.jar -Dfile.encoding=UTF-8 
java_command: org.eclipse.jdt.internal.junit.runner.RemoteTestRunner -version 3 -port 50329 -testLoaderClass org.eclipse.jdt.internal.junit5.runner.JUnit5TestLoader -loaderpluginname org.eclipse.jdt.junit5.runtime -test fr.socgen.model.AccountStatementTest:executeOperationTest
java_class_path (initial): C:\Users\alix.ndembi\Demo\kata\target\test-classes;C:\Users\alix.ndembi\Demo\kata\target\classes;C:\Users\alix.ndembi\.p2\pool\plugins\org.junit_4.13.0.v20200204-1500.jar;C:\Users\alix.ndembi\.p2\pool\plugins\org.hamcrest.core_1.3.0.v20180420-1519.jar;C:\Users\alix.ndembi\.m2\repository\org\springframework\boot\spring-boot-starter-data-rest\2.5.4\spring-boot-starter-data-rest-2.5.4.jar;C:\Users\alix.ndembi\.m2\repository\org\springframework\data\spring-data-rest-webmvc\3.5.4\spring-data-rest-webmvc-3.5.4.jar;C:\Users\alix.ndembi\.m2\repository\org\springframework\data\spring-data-rest-core\3.5.4\spring-data-rest-core-3.5.4.jar;C:\Users\alix.ndembi\.m2\repository\org\springframework\spring-tx\5.3.9\spring-tx-5.3.9.jar;C:\Users\alix.ndembi\.m2\repository\org\springframework\hateoas\spring-hateoas\1.3.3\spring-hateoas-1.3.3.jar;C:\Users\alix.ndembi\.m2\repository\org\springframework\data\spring-data-commons\2.5.4\spring-data-commons-2.5.4.jar;C:\Users\alix.ndembi\.m2\repository\org\springframework\plugin\spring-plugin-core\2.0.0.RELEASE\spring-plugin-core-2.0.0.RELEASE.jar;C:\Users\alix.ndembi\.m2\repository\org\atteo\evo-inflector\1.2.2\evo-inflector-1.2.2.jar;C:\Users\alix.ndembi\.m2\repository\com\fasterxml\jackson\core\jackson-databind\2.12.4\jackson-databind-2.12.4.jar;C:\Users\alix.ndembi\.m2\repository\com\fasterxml\jackson\core\jackson-core\2.12.4\jackson-core-2.12.4.jar;C:\Users\alix.ndembi\.m2\repository\com\fasterxml\jackson\core\jackson-annotations\2.12.4\jackson-annotations-2.12.4.jar;C:\Users\alix.ndembi\.m2\repository\org\slf4j\slf4j-api\1.7.32\slf4j-api-1.7.32.jar;C:\Users\alix.ndembi\.m2\repository\org\springframework\boot\spring-boot-starter-web\2.5.4\spring-boot-starter-web-2.5.4.jar;C:\Users\alix.ndembi\.m2\repository\org\springframework\boot\spring-boot-starter\2.5.4\spring-boot-starter-2.5.4.jar;C:\Users\alix.ndembi\.m2\repository\org\springframework\boot\spring-boot\2.5.4\spring-boot-2.5.4.jar;C:\Users\alix.ndembi\.m2
Launcher Type: SUN_STANDARD

Environment Variables:
PATH=C:/Users/alix.ndembi/.p2/pool/plugins/org.eclipse.justj.openjdk.hotspot.jre.full.win32.x86_64_16.0.2.v20210721-1149/jre/bin/server;C:/Users/alix.ndembi/.p2/pool/plugins/org.eclipse.justj.openjdk.hotspot.jre.full.win32.x86_64_16.0.2.v20210721-1149/jre/bin;C:\Python39\Scripts\;C:\Python39\;C:\Program Files (x86)\Common Files\Oracle\Java\javapath;C:\windows\system32;C:\windows;C:\windows\System32\Wbem;C:\windows\System32\WindowsPowerShell\v1.0\;C:\windows\System32\OpenSSH\;C:\Program Files (x86)\Symantec\VIP Access Client\;C:\Program Files (x86)\Common Files\Pulse Secure\VC142.CRT\X64\;C:\Program Files (x86)\Common Files\Pulse Secure\VC142.CRT\X86\;C:\Program Files\Git\cmd;C:\Program Files (x86)\Pulse Secure\VC142.CRT\X64\;C:\Program Files (x86)\Pulse Secure\VC142.CRT\X86\;C:\ProgramData\chocolatey\bin;C:\Program Files\nodejs\;C:\Program Files\Microsoft VS Code\bin;C:\Program Files\Docker\Docker\resources\bin;C:\ProgramData\DockerDesktop\version-bin;C:\Users\alix.ndembi\AppData\Local\Microsoft\WindowsApps;C:\Users\alix.ndembi\AppData\Roaming\npm;C:\Users\alix.ndembi\AppData\Local\GitHubDesktop\bin;C:\Users\alix.ndembi\AppData\Local\Programs\Fiddler;C:\Users\alix.ndembi\Desktop;
USERNAME=alix.ndembi
OS=Windows_NT
PROCESSOR_IDENTIFIER=Intel64 Family 6 Model 142 Stepping 12, GenuineIntel



---------------  S Y S T E M  ---------------

OS: Windows 10.0 , 64 bit Build 19041 (10.0.19041.1348)

CPU:total 8 (initial active 8) (4 cores per cpu, 2 threads per core) family 6 model 142 stepping 12, cmov, cx8, fxsr, mmx, sse, sse2, sse3, ssse3, sse4.1, sse4.2, popcnt, avx, avx2, aes, clmul, erms, 3dnowpref, lzcnt, ht, tsc, tscinvbit, bmi1, bmi2, adx

Memory: 4k page, physical 8190240k(736852k free), swap 14299340k(515192k free)

vm_info: Java HotSpot(TM) 64-Bit Server VM (25.301-b09) for windows-amd64 JRE (1.8.0_301-b09), built on Jun  9 2021 06:46:21 by "java_re" with MS VC++ 15.9 (VS2017)

time: Wed Dec 15 11:24:31 2021
timezone: W. Europe Standard Time
elapsed time: 0.084649 seconds (0d 0h 0m 0s)

